<?xml version="1.0" encoding="UTF-8"?>
<!-- Generated by org.testng.reporters.JUnitXMLReporter -->
<testsuite hostname="AJAYBKADAM" ignored="0" name="Default test" tests="4" failures="0" timestamp="04 Oct 2021 09:31:47 GMT" time="1.645" errors="0">
  <testcase name="Test1" time="1.161" classname="com.test.LoginPageTest"/>
  <testcase name="Test2" time="0.171" classname="com.test.DashboardPageTest"/>
  <testcase name="Test3" time="0.234" classname="com.test.DashboardPageTest"/>
  <testcase name="Test4" time="0.0" classname="com.test.NewUserpageTest"/>
</testsuite> <!-- Default test -->
