<?xml version="1.0" encoding="UTF-8"?>
<testng-results skipped="0" failed="0" ignored="0" total="4" passed="4">
  <reporter-output>
  </reporter-output>
  <suite name="Suite" duration-ms="2615" started-at="2021-10-25T10:06:17Z" finished-at="2021-10-25T10:06:20Z">
    <groups>
    </groups>
    <test name="Test" duration-ms="2615" started-at="2021-10-25T10:06:17Z" finished-at="2021-10-25T10:06:20Z">
      <class name="com.test.NewUserpageTest">
        <test-method status="PASS" signature="Test4()[pri:4, instance:com.test.NewUserpageTest@21213b92]" name="Test4" duration-ms="5" started-at="2021-10-25T15:36:20Z" finished-at="2021-10-25T15:36:20Z">
          <reporter-output>
          </reporter-output>
        </test-method> <!-- Test4 -->
      </class> <!-- com.test.NewUserpageTest -->
      <class name="com.test.LoginPageTest">
        <test-method status="PASS" signature="setUp()[pri:0, instance:com.test.LoginPageTest@31610302]" name="setUp" is-config="true" duration-ms="6645" started-at="2021-10-25T15:36:10Z" finished-at="2021-10-25T15:36:17Z">
          <reporter-output>
          </reporter-output>
        </test-method> <!-- setUp -->
        <test-method status="PASS" signature="Test1()[pri:1, instance:com.test.LoginPageTest@31610302]" name="Test1" duration-ms="1873" started-at="2021-10-25T15:36:17Z" finished-at="2021-10-25T15:36:19Z">
          <reporter-output>
          </reporter-output>
        </test-method> <!-- Test1 -->
      </class> <!-- com.test.LoginPageTest -->
      <class name="com.test.DashboardPageTest">
        <test-method status="PASS" signature="Test2()[pri:2, instance:com.test.DashboardPageTest@71318ec4]" name="Test2" duration-ms="230" started-at="2021-10-25T15:36:19Z" finished-at="2021-10-25T15:36:19Z">
          <reporter-output>
          </reporter-output>
        </test-method> <!-- Test2 -->
        <test-method status="PASS" signature="Test3()[pri:3, instance:com.test.DashboardPageTest@71318ec4]" name="Test3" duration-ms="431" started-at="2021-10-25T15:36:19Z" finished-at="2021-10-25T15:36:20Z">
          <reporter-output>
          </reporter-output>
        </test-method> <!-- Test3 -->
      </class> <!-- com.test.DashboardPageTest -->
    </test> <!-- Test -->
  </suite> <!-- Suite -->
</testng-results>
