<?xml version="1.0" encoding="UTF-8"?>
<!-- Generated by org.testng.reporters.JUnitXMLReporter -->
<testsuite hostname="AJAYBKADAM" ignored="0" name="Test" tests="4" failures="0" timestamp="16 Oct 2021 06:40:10 GMT" time="7.939" errors="0">
  <testcase name="Test1" time="6.006" classname="com.test.LoginPageTest"/>
  <testcase name="Test2" time="0.639" classname="com.test.DashboardPageTest"/>
  <testcase name="Test3" time="1.201" classname="com.test.DashboardPageTest"/>
  <testcase name="Test4" time="0.001" classname="com.test.NewUserpageTest"/>
</testsuite> <!-- Test -->
