<?xml version="1.0" encoding="UTF-8"?>
<!-- Generated by org.testng.reporters.JUnitXMLReporter -->
<testsuite hostname="AJAYBKADAM" ignored="0" name="Test" tests="4" failures="0" timestamp="25 Oct 2021 10:06:20 GMT" time="2.615" errors="0">
  <testcase name="Test1" time="1.873" classname="com.test.LoginPageTest"/>
  <testcase name="Test2" time="0.23" classname="com.test.DashboardPageTest"/>
  <testcase name="Test3" time="0.431" classname="com.test.DashboardPageTest"/>
  <testcase name="Test4" time="0.005" classname="com.test.NewUserpageTest"/>
</testsuite> <!-- Test -->
